<?xml version="1.0" encoding="UTF-8"?>
<!-- Generated by org.testng.reporters.JUnitReportReporter -->
<testsuite hostname="sakthivel-PC" name="ExecutionEngine.awdUserAppReview" tests="1" failures="0" timestamp="5 Oct 2016 13:04:37 GMT" time="128.681" errors="0">
  <testcase name="AwdUserAppApproval" time="128.681" classname="ExecutionEngine.awdUserAppReview"/>
</testsuite> <!-- ExecutionEngine.awdUserAppReview -->
