<?xml version="1.0" encoding="UTF-8"?>
<!-- Generated by org.testng.reporters.JUnitReportReporter -->
<testsuite hostname="sakthivel-PC" name="ExecutionEngine.ApplicationSubmitTest" tests="4" failures="0" timestamp="4 Oct 2016 14:16:29 GMT" time="266.490" errors="0">
  <testcase name="ApplicationSubmit" time="108.798" classname="ExecutionEngine.ApplicationSubmitTest"/>
  <testcase name="ApplicationRMI" time="66.529" classname="ExecutionEngine.ApplicationSubmitTest"/>
  <testcase name="ApplicationReSubmit" time="46.831" classname="ExecutionEngine.ApplicationSubmitTest"/>
  <testcase name="ApplicationApproval" time="44.332" classname="ExecutionEngine.ApplicationSubmitTest"/>
</testsuite> <!-- ExecutionEngine.ApplicationSubmitTest -->
