<?xml version="1.0" encoding="UTF-8"?>
<!-- Generated by org.testng.reporters.JUnitReportReporter -->
<testsuite hostname="sakthivel-PC" name="ExecutionEngine.RPAppEveCreation" tests="2" failures="0" timestamp="17 Oct 2016 12:32:54 GMT" time="31.913" errors="0">
  <testcase name="EventCreation" time="11.307" classname="ExecutionEngine.RPAppEveCreation"/>
  <testcase name="ApplicationCreation" time="20.606" classname="ExecutionEngine.RPAppEveCreation"/>
</testsuite> <!-- ExecutionEngine.RPAppEveCreation -->
