<?xml version="1.0" encoding="UTF-8"?>
<!-- Generated by org.testng.reporters.JUnitReportReporter -->
<testsuite hostname="sakthivel-PC" name="ExecutionEngine.awdUserAppReview" tests="3" failures="0" timestamp="15 Nov 2016 12:17:03 GMT" time="285.700" errors="0">
  <testcase name="ApplicationReSubmit" time="62.897" classname="ExecutionEngine.awdUserAppReview"/>
  <testcase name="AwdUserAppApproval" time="121.469" classname="ExecutionEngine.awdUserAppReview"/>
  <testcase name="AwdUserRMI" time="101.334" classname="ExecutionEngine.awdUserAppReview"/>
</testsuite> <!-- ExecutionEngine.awdUserAppReview -->
