<?xml version="1.0" encoding="UTF-8"?>
<!-- Generated by org.testng.reporters.JUnitReportReporter -->
<testsuite hostname="sakthivel-PC" name="ExecutionEngine.awdUserEventsReview" tests="6" failures="0" timestamp="15 Nov 2016 12:28:36 GMT" time="636.707" errors="0">
  <testcase name="AwdUserEventApproval" time="91.513" classname="ExecutionEngine.awdUserEventsReview"/>
  <testcase name="EventReSubmit" time="66.842" classname="ExecutionEngine.awdUserEventsReview"/>
  <testcase name="ReviewerApproval" time="71.581" classname="ExecutionEngine.awdUserEventsReview"/>
  <testcase name="AwdUserEventRMI" time="115.071" classname="ExecutionEngine.awdUserEventsReview"/>
  <testcase name="AwdUserEventsentforApproval" time="214.488" classname="ExecutionEngine.awdUserEventsReview"/>
  <testcase name="EventSubmit" time="77.212" classname="ExecutionEngine.awdUserEventsReview"/>
</testsuite> <!-- ExecutionEngine.awdUserEventsReview -->
