<?xml version="1.0" encoding="UTF-8"?>
<!-- Generated by org.testng.reporters.JUnitReportReporter -->
<testsuite hostname="sakthivel-PC" name="ExecutionEngine.Filedelete" tests="1" failures="0" timestamp="9 Nov 2016 13:58:35 GMT" time="334.173" errors="0">
  <testcase name="FileDeletion" time="334.173" classname="ExecutionEngine.Filedelete"/>
</testsuite> <!-- ExecutionEngine.Filedelete -->
