<?xml version="1.0" encoding="UTF-8"?>
<!-- Generated by org.testng.reporters.JUnitReportReporter -->
<testsuite hostname="sakthivel-PC" name="ExecutionEngine.RPAppEveCreation" tests="2" failures="0" timestamp="8 Nov 2016 13:43:31 GMT" time="52.641" errors="0">
  <testcase name="EventCreation" time="20.571" classname="ExecutionEngine.RPAppEveCreation"/>
  <testcase name="ApplicationCreation" time="32.070" classname="ExecutionEngine.RPAppEveCreation"/>
</testsuite> <!-- ExecutionEngine.RPAppEveCreation -->
