<?xml version="1.0" encoding="UTF-8"?>
<!-- Generated by org.testng.reporters.JUnitReportReporter -->
<testsuite hostname="sakthivel-PC" name="ExecutionEngine.Filedelete" tests="1" failures="0" timestamp="4 Oct 2016 16:04:43 GMT" time="160.543" errors="0">
  <testcase name="FacultyFileCreation" time="160.543" classname="ExecutionEngine.Filedelete"/>
</testsuite> <!-- ExecutionEngine.Filedelete -->
