<?xml version="1.0" encoding="UTF-8"?>
<!-- Generated by org.testng.reporters.JUnitReportReporter -->
<testsuite hostname="sakthivel-PC" name="ExecutionEngine.RPInvestigatorCreation" tests="1" failures="0" timestamp="9 Nov 2016 11:19:59 GMT" time="126.802" errors="0">
  <testcase name="RPInvestigatorCreation1" time="126.802" classname="ExecutionEngine.RPInvestigatorCreation"/>
</testsuite> <!-- ExecutionEngine.RPInvestigatorCreation -->
