<?xml version="1.0" encoding="UTF-8"?>
<!-- Generated by org.testng.reporters.JUnitReportReporter -->
<testsuite hostname="sakthivel-PC" name="ExecutionEngine.RPWithdrawTest" tests="1" failures="0" timestamp="15 Nov 2016 12:31:06 GMT" time="71.002" errors="0">
  <testcase name="withdraw" time="71.002" classname="ExecutionEngine.RPWithdrawTest"/>
</testsuite> <!-- ExecutionEngine.RPWithdrawTest -->
