<?xml version="1.0" encoding="UTF-8"?>
<!-- Generated by org.testng.reporters.JUnitReportReporter -->
<testsuite hostname="sakthivel-PC" name="ExecutionEngine.RPInvestigatorCreation" tests="1" failures="0" timestamp="15 Nov 2016 11:45:39 GMT" time="120.204" errors="0">
  <testcase name="RPInvestigatorCreation1" time="120.204" classname="ExecutionEngine.RPInvestigatorCreation"/>
</testsuite> <!-- ExecutionEngine.RPInvestigatorCreation -->
