<?xml version="1.0" encoding="UTF-8"?>
<!-- Generated by org.testng.reporters.JUnitReportReporter -->
<testsuite hostname="sakthivel-PC" name="ExecutionEngine.RPAppEveCreation" tests="2" failures="0" timestamp="9 Nov 2016 11:28:02 GMT" time="40.404" errors="0">
  <testcase name="EventCreation" time="16.409" classname="ExecutionEngine.RPAppEveCreation"/>
  <testcase name="ApplicationCreation" time="23.995" classname="ExecutionEngine.RPAppEveCreation"/>
</testsuite> <!-- ExecutionEngine.RPAppEveCreation -->
