<?xml version="1.0" encoding="UTF-8"?>
<!-- Generated by org.testng.reporters.JUnitReportReporter -->
<testsuite hostname="sakthivel-PC" name="ExecutionEngine.RomeoFileCreation" tests="1" failures="0" timestamp="8 Nov 2016 13:26:50 GMT" time="485.568" errors="0">
  <testcase name="FacultyFileCreation" time="485.568" classname="ExecutionEngine.RomeoFileCreation"/>
</testsuite> <!-- ExecutionEngine.RomeoFileCreation -->
