<?xml version="1.0" encoding="UTF-8"?>
<!-- Generated by org.testng.reporters.JUnitReportReporter -->
<testsuite hostname="sakthivel-PC" name="ExecutionEngine.ApplicationSubmitTest" tests="4" failures="0" timestamp="9 Nov 2016 11:37:14 GMT" time="287.043" errors="0">
  <testcase name="ApplicationRMI" time="89.483" classname="ExecutionEngine.ApplicationSubmitTest"/>
  <testcase name="ApplicationSubmit" time="99.463" classname="ExecutionEngine.ApplicationSubmitTest"/>
  <testcase name="ApplicationApproval" time="48.235" classname="ExecutionEngine.ApplicationSubmitTest"/>
  <testcase name="ApplicationReSubmit" time="49.862" classname="ExecutionEngine.ApplicationSubmitTest"/>
</testsuite> <!-- ExecutionEngine.ApplicationSubmitTest -->
