<?xml version="1.0" encoding="UTF-8"?>
<!-- Generated by org.testng.reporters.JUnitReportReporter -->
<testsuite hostname="sakthivel-PC" name="ExecutionEngine.Filedelete" tests="1" failures="0" timestamp="8 Nov 2016 14:43:14 GMT" time="259.134" errors="0">
  <testcase name="FacultyFileCreation" time="259.134" classname="ExecutionEngine.Filedelete"/>
</testsuite> <!-- ExecutionEngine.Filedelete -->
