<?xml version="1.0" encoding="UTF-8"?>
<!-- Generated by org.testng.reporters.JUnitReportReporter -->
<testsuite hostname="sakthivel-PC" name="ExecutionEngine.awdUserAppReview" tests="1" failures="0" timestamp="1 Oct 2016 11:55:26 GMT" time="54.303" errors="0">
  <testcase name="ApplicationReSubmit" time="54.303" classname="ExecutionEngine.awdUserAppReview"/>
</testsuite> <!-- ExecutionEngine.awdUserAppReview -->
