<?xml version="1.0" encoding="UTF-8"?>
<!-- Generated by org.testng.reporters.JUnitReportReporter -->
<testsuite hostname="sakthivel-PC" name="ExecutionEngine.awdUserEventsReview" tests="6" failures="0" timestamp="8 Nov 2016 14:09:25 GMT" time="569.195" errors="0">
  <testcase name="EventReSubmit" time="59.512" classname="ExecutionEngine.awdUserEventsReview"/>
  <testcase name="ReviewerApproval" time="68.368" classname="ExecutionEngine.awdUserEventsReview"/>
  <testcase name="AwdUserEventsentforApproval" time="184.769" classname="ExecutionEngine.awdUserEventsReview"/>
  <testcase name="AwdUserEventRMI" time="98.722" classname="ExecutionEngine.awdUserEventsReview"/>
  <testcase name="EventSubmit" time="66.061" classname="ExecutionEngine.awdUserEventsReview"/>
  <testcase name="AwdUserEventApproval" time="91.763" classname="ExecutionEngine.awdUserEventsReview"/>
</testsuite> <!-- ExecutionEngine.awdUserEventsReview -->
