<?xml version="1.0" encoding="UTF-8"?>
<!-- Generated by org.testng.reporters.JUnitReportReporter -->
<testsuite hostname="sakthivel-PC" name="ExecutionEngine.ApplicationSubmitTest" tests="4" failures="0" timestamp="3 Oct 2016 14:38:56 GMT" time="213.848" errors="0">
  <testcase name="ApplicationRMI" time="62.712" classname="ExecutionEngine.ApplicationSubmitTest"/>
  <testcase name="ApplicationApproval" time="46.341" classname="ExecutionEngine.ApplicationSubmitTest"/>
  <testcase name="ApplicationSubmit" time="59.671" classname="ExecutionEngine.ApplicationSubmitTest"/>
  <testcase name="ApplicationReSubmit" time="45.124" classname="ExecutionEngine.ApplicationSubmitTest"/>
</testsuite> <!-- ExecutionEngine.ApplicationSubmitTest -->
