<?xml version="1.0" encoding="UTF-8"?>
<!-- Generated by org.testng.reporters.JUnitReportReporter -->
<testsuite hostname="sakthivel-PC" name="ExecutionEngine.awdUserAppReview" tests="3" failures="0" timestamp="3 Oct 2016 14:38:56 GMT" time="228.281" errors="0">
  <testcase name="AwdUserRMI" time="52.395" classname="ExecutionEngine.awdUserAppReview"/>
  <testcase name="ApplicationReSubmit" time="52.304" classname="ExecutionEngine.awdUserAppReview"/>
  <testcase name="AwdUserAppApproval" time="123.582" classname="ExecutionEngine.awdUserAppReview"/>
</testsuite> <!-- ExecutionEngine.awdUserAppReview -->
