<?xml version="1.0" encoding="UTF-8"?>
<!-- Generated by org.testng.reporters.JUnitReportReporter -->
<testsuite hostname="sakthivel-PC" name="ExecutionEngine.RPAppEveCreation" tests="2" failures="0" timestamp="29 Sep 2016 13:58:03 GMT" time="46.200" errors="0">
  <testcase name="EventCreation" time="12.384" classname="ExecutionEngine.RPAppEveCreation"/>
  <testcase name="ApplicationCreation" time="33.816" classname="ExecutionEngine.RPAppEveCreation"/>
</testsuite> <!-- ExecutionEngine.RPAppEveCreation -->
