<?xml version="1.0" encoding="UTF-8"?>
<!-- Generated by org.testng.reporters.JUnitReportReporter -->
<testsuite hostname="sakthivel-PC" name="ExecutionEngine.awdUserEventsReview" tests="1" failures="0" timestamp="6 Oct 2016 06:15:41 GMT" time="78.490" errors="0">
  <testcase name="AwdUserEventApproval" time="78.490" classname="ExecutionEngine.awdUserEventsReview"/>
</testsuite> <!-- ExecutionEngine.awdUserEventsReview -->
