<?xml version="1.0" encoding="UTF-8"?>
<!-- Generated by org.testng.reporters.JUnitReportReporter -->
<testsuite hostname="sakthivel-PC" name="ExecutionEngine.awdUserAppReview" tests="1" failures="0" timestamp="6 Oct 2016 06:04:14 GMT" time="123.934" errors="0">
  <testcase name="AwdUserAppApproval" time="123.934" classname="ExecutionEngine.awdUserAppReview"/>
</testsuite> <!-- ExecutionEngine.awdUserAppReview -->
