<?xml version="1.0" encoding="UTF-8"?>
<!-- Generated by org.testng.reporters.JUnitReportReporter -->
<testsuite hostname="sakthivel-PC" name="ExecutionEngine.Filedelete" tests="1" failures="0" timestamp="27 Sep 2016 14:14:04 GMT" time="291.134" errors="0">
  <testcase name="FacultyFileCreation" time="291.134" classname="ExecutionEngine.Filedelete"/>
</testsuite> <!-- ExecutionEngine.Filedelete -->
