<?xml version="1.0" encoding="UTF-8"?>
<!-- Generated by org.testng.reporters.JUnitReportReporter -->
<testsuite hostname="sakthivel-PC" name="ExecutionEngine.awdUserEventsReview" tests="1" failures="0" timestamp="5 Oct 2016 13:22:06 GMT" time="73.919" errors="0">
  <testcase name="AwdUserEventApproval" time="73.919" classname="ExecutionEngine.awdUserEventsReview"/>
</testsuite> <!-- ExecutionEngine.awdUserEventsReview -->
