<?xml version="1.0" encoding="UTF-8"?>
<!-- Generated by org.testng.reporters.JUnitReportReporter -->
<testsuite hostname="sakthivel-PC" name="ExecutionEngine.awdUserEventsReview" tests="1" failures="0" timestamp="4 Oct 2016 15:18:27 GMT" time="41.630" errors="0">
  <testcase name="ReviewerApproval" time="41.630" classname="ExecutionEngine.awdUserEventsReview"/>
</testsuite> <!-- ExecutionEngine.awdUserEventsReview -->
