<?xml version="1.0" encoding="UTF-8"?>
<!-- Generated by org.testng.reporters.JUnitReportReporter -->
<testsuite hostname="sakthivel-PC" name="ExecutionEngine.awdUserAppReview" tests="3" failures="0" timestamp="8 Nov 2016 13:59:38 GMT" time="282.445" errors="0">
  <testcase name="AwdUserRMI" time="95.170" classname="ExecutionEngine.awdUserAppReview"/>
  <testcase name="AwdUserAppApproval" time="124.535" classname="ExecutionEngine.awdUserAppReview"/>
  <testcase name="ApplicationReSubmit" time="62.740" classname="ExecutionEngine.awdUserAppReview"/>
</testsuite> <!-- ExecutionEngine.awdUserAppReview -->
