<?xml version="1.0" encoding="UTF-8"?>
<!-- Generated by org.testng.reporters.JUnitReportReporter -->
<testsuite hostname="sakthivel-PC" name="ExecutionEngine.awdUserEventsReview" tests="6" failures="0" timestamp="9 Nov 2016 11:55:49 GMT" time="706.345" errors="0">
  <testcase name="AwdUserEventApproval" time="200.097" classname="ExecutionEngine.awdUserEventsReview"/>
  <testcase name="ReviewerApproval" time="71.764" classname="ExecutionEngine.awdUserEventsReview"/>
  <testcase name="EventReSubmit" time="65.592" classname="ExecutionEngine.awdUserEventsReview"/>
  <testcase name="EventSubmit" time="77.926" classname="ExecutionEngine.awdUserEventsReview"/>
  <testcase name="AwdUserEventsentforApproval" time="192.093" classname="ExecutionEngine.awdUserEventsReview"/>
  <testcase name="AwdUserEventRMI" time="98.873" classname="ExecutionEngine.awdUserEventsReview"/>
</testsuite> <!-- ExecutionEngine.awdUserEventsReview -->
