<?xml version="1.0" encoding="UTF-8"?>
<!-- Generated by org.testng.reporters.JUnitReportReporter -->
<testsuite hostname="sakthivel-PC" name="ExecutionEngine.ApplicationSubmitTest" tests="4" failures="0" timestamp="6 Oct 2016 05:50:11 GMT" time="211.446" errors="0">
  <testcase name="ApplicationReSubmit" time="39.050" classname="ExecutionEngine.ApplicationSubmitTest"/>
  <testcase name="ApplicationApproval" time="59.720" classname="ExecutionEngine.ApplicationSubmitTest"/>
  <testcase name="ApplicationRMI" time="52.207" classname="ExecutionEngine.ApplicationSubmitTest"/>
  <testcase name="ApplicationSubmit" time="60.469" classname="ExecutionEngine.ApplicationSubmitTest"/>
</testsuite> <!-- ExecutionEngine.ApplicationSubmitTest -->
