<?xml version="1.0" encoding="UTF-8"?>
<!-- Generated by org.testng.reporters.JUnitReportReporter -->
<testsuite hostname="sakthivel-PC" name="ExecutionEngine.Filedelete" tests="1" failures="0" timestamp="29 Sep 2016 14:45:19 GMT" time="333.790" errors="0">
  <testcase name="FacultyFileCreation" time="333.790" classname="ExecutionEngine.Filedelete"/>
</testsuite> <!-- ExecutionEngine.Filedelete -->
