<?xml version="1.0" encoding="UTF-8"?>
<!-- Generated by org.testng.reporters.JUnitReportReporter -->
<testsuite hostname="sakthivel-PC" name="ExecutionEngine.ApplicationSubmitTest" tests="1" failures="0" timestamp="30 Sep 2016 14:45:01 GMT" time="43.939" errors="0">
  <testcase name="ApplicationApproval" time="43.939" classname="ExecutionEngine.ApplicationSubmitTest"/>
</testsuite> <!-- ExecutionEngine.ApplicationSubmitTest -->
