<?xml version="1.0" encoding="UTF-8"?>
<!-- Generated by org.testng.reporters.JUnitReportReporter -->
<testsuite hostname="sakthivel-PC" name="ExecutionEngine.RPInvestigatorCreation" tests="1" failures="0" timestamp="8 Nov 2016 13:41:16 GMT" time="108.709" errors="0">
  <testcase name="RPInvestigatorCreation1" time="108.709" classname="ExecutionEngine.RPInvestigatorCreation"/>
</testsuite> <!-- ExecutionEngine.RPInvestigatorCreation -->
