<?xml version="1.0" encoding="UTF-8"?>
<!-- Generated by org.testng.reporters.JUnitReportReporter -->
<testsuite hostname="sakthivel-PC" name="ExecutionEngine.ApplicationSubmitTest" tests="4" failures="0" timestamp="17 Oct 2016 12:45:07 GMT" time="335.027" errors="0">
  <testcase name="ApplicationReSubmit" time="92.702" classname="ExecutionEngine.ApplicationSubmitTest"/>
  <testcase name="ApplicationApproval" time="45.100" classname="ExecutionEngine.ApplicationSubmitTest"/>
  <testcase name="ApplicationRMI" time="109.306" classname="ExecutionEngine.ApplicationSubmitTest"/>
  <testcase name="ApplicationSubmit" time="87.919" classname="ExecutionEngine.ApplicationSubmitTest"/>
</testsuite> <!-- ExecutionEngine.ApplicationSubmitTest -->
