<?xml version="1.0" encoding="UTF-8"?>
<!-- Generated by org.testng.reporters.JUnitReportReporter -->
<testsuite hostname="sakthivel-PC" name="ExecutionEngine.RPAppEveCreation" tests="2" failures="0" timestamp="4 Oct 2016 14:03:47 GMT" time="42.300" errors="0">
  <testcase name="ApplicationCreation" time="28.525" classname="ExecutionEngine.RPAppEveCreation"/>
  <testcase name="EventCreation" time="13.775" classname="ExecutionEngine.RPAppEveCreation"/>
</testsuite> <!-- ExecutionEngine.RPAppEveCreation -->
