<?xml version="1.0" encoding="UTF-8"?>
<!-- Generated by org.testng.reporters.JUnitReportReporter -->
<testsuite hostname="sakthivel-PC" name="ExecutionEngine.RomeoFileCreation" tests="1" failures="0" timestamp="15 Nov 2016 11:40:43 GMT" time="488.596" errors="0">
  <testcase name="FileCreation" time="488.596" classname="ExecutionEngine.RomeoFileCreation"/>
</testsuite> <!-- ExecutionEngine.RomeoFileCreation -->
