<?xml version="1.0" encoding="UTF-8"?>
<!-- Generated by org.testng.reporters.JUnitReportReporter -->
<testsuite hostname="sakthivel-PC" name="ExecutionEngine.awdUserEventsReview" tests="6" failures="0" timestamp="17 Oct 2016 13:09:34 GMT" time="695.175" errors="0">
  <testcase name="AwdUserEventRMI" time="93.371" classname="ExecutionEngine.awdUserEventsReview"/>
  <testcase name="AwdUserEventsentforApproval" time="229.285" classname="ExecutionEngine.awdUserEventsReview"/>
  <testcase name="AwdUserEventApproval" time="80.173" classname="ExecutionEngine.awdUserEventsReview"/>
  <testcase name="EventReSubmit" time="99.712" classname="ExecutionEngine.awdUserEventsReview"/>
  <testcase name="EventSubmit" time="111.495" classname="ExecutionEngine.awdUserEventsReview"/>
  <testcase name="ReviewerApproval" time="81.139" classname="ExecutionEngine.awdUserEventsReview"/>
</testsuite> <!-- ExecutionEngine.awdUserEventsReview -->
