<?xml version="1.0" encoding="UTF-8"?>
<!-- Generated by org.testng.reporters.JUnitReportReporter -->
<testsuite hostname="sakthivel-PC" name="ExecutionEngine.SmokeTest" tests="1" failures="0" timestamp="17 Sep 2016 08:24:31 GMT" time="19.093" errors="0">
  <testcase name="f" time="19.093" classname="ExecutionEngine.SmokeTest"/>
</testsuite> <!-- ExecutionEngine.SmokeTest -->
