<?xml version="1.0" encoding="UTF-8"?>
<!-- Generated by org.testng.reporters.JUnitReportReporter -->
<testsuite hostname="sakthivel-PC" name="ExecutionEngine.RomeoFileCreation" tests="1" failures="0" timestamp="17 Oct 2016 12:13:21 GMT" time="428.089" errors="0">
  <testcase name="FacultyFileCreation" time="428.089" classname="ExecutionEngine.RomeoFileCreation"/>
</testsuite> <!-- ExecutionEngine.RomeoFileCreation -->
