<?xml version="1.0" encoding="UTF-8"?>
<!-- Generated by org.testng.reporters.JUnitReportReporter -->
<testsuite hostname="sakthivel-PC" name="ExecutionEngine.RPAppEveCreation" tests="2" failures="0" timestamp="15 Nov 2016 11:52:33 GMT" time="38.123" errors="0">
  <testcase name="EventCreation" time="11.090" classname="ExecutionEngine.RPAppEveCreation"/>
  <testcase name="ApplicationCreation" time="27.033" classname="ExecutionEngine.RPAppEveCreation"/>
</testsuite> <!-- ExecutionEngine.RPAppEveCreation -->
