<?xml version="1.0" encoding="UTF-8"?>
<!-- Generated by org.testng.reporters.JUnitReportReporter -->
<testsuite hostname="sakthivel-PC" name="ExecutionEngine.ApplicationSubmitTest" tests="4" failures="0" timestamp="15 Nov 2016 12:11:26 GMT" time="271.200" errors="0">
  <testcase name="ApplicationSubmit" time="91.212" classname="ExecutionEngine.ApplicationSubmitTest"/>
  <testcase name="ApplicationApproval" time="60.809" classname="ExecutionEngine.ApplicationSubmitTest"/>
  <testcase name="ApplicationRMI" time="70.958" classname="ExecutionEngine.ApplicationSubmitTest"/>
  <testcase name="ApplicationReSubmit" time="48.221" classname="ExecutionEngine.ApplicationSubmitTest"/>
</testsuite> <!-- ExecutionEngine.ApplicationSubmitTest -->
