<?xml version="1.0" encoding="UTF-8"?>
<!-- Generated by org.testng.reporters.JUnitReportReporter -->
<testsuite hostname="sakthivel-PC" name="ExecutionEngine.RPAppEveCreation" tests="2" failures="0" timestamp="28 Sep 2016 12:20:04 GMT" time="27.931" errors="0">
  <testcase name="ApplicationCreation" time="16.661" classname="ExecutionEngine.RPAppEveCreation"/>
  <testcase name="EventCreation" time="11.270" classname="ExecutionEngine.RPAppEveCreation"/>
</testsuite> <!-- ExecutionEngine.RPAppEveCreation -->
