<?xml version="1.0" encoding="UTF-8"?>
<!-- Generated by org.testng.reporters.JUnitReportReporter -->
<testsuite hostname="sakthivel-PC" name="ExecutionEngine.awdUserAppReview" tests="3" failures="0" timestamp="17 Oct 2016 12:56:23 GMT" time="315.291" errors="0">
  <testcase name="AwdUserAppApproval" time="134.525" classname="ExecutionEngine.awdUserAppReview"/>
  <testcase name="AwdUserRMI" time="97.307" classname="ExecutionEngine.awdUserAppReview"/>
  <testcase name="ApplicationReSubmit" time="83.459" classname="ExecutionEngine.awdUserAppReview"/>
</testsuite> <!-- ExecutionEngine.awdUserAppReview -->
