<?xml version="1.0" encoding="UTF-8"?>
<!-- Generated by org.testng.reporters.JUnitReportReporter -->
<testsuite hostname="sakthivel-PC" name="ExecutionEngine.ApplicationSubmitTest" tests="4" failures="0" timestamp="8 Nov 2016 13:53:59 GMT" time="258.444" errors="0">
  <testcase name="ApplicationApproval" time="50.319" classname="ExecutionEngine.ApplicationSubmitTest"/>
  <testcase name="ApplicationReSubmit" time="48.065" classname="ExecutionEngine.ApplicationSubmitTest"/>
  <testcase name="ApplicationRMI" time="66.382" classname="ExecutionEngine.ApplicationSubmitTest"/>
  <testcase name="ApplicationSubmit" time="93.678" classname="ExecutionEngine.ApplicationSubmitTest"/>
</testsuite> <!-- ExecutionEngine.ApplicationSubmitTest -->
