<?xml version="1.0" encoding="UTF-8"?>
<!-- Generated by org.testng.reporters.JUnitReportReporter -->
<testsuite hostname="sakthivel-PC" name="ExecutionEngine.RomeoFileCreation" tests="1" failures="0" timestamp="9 Nov 2016 12:58:09 GMT" time="456.326" errors="0">
  <testcase name="FileCreation" time="456.326" classname="ExecutionEngine.RomeoFileCreation"/>
</testsuite> <!-- ExecutionEngine.RomeoFileCreation -->
