<?xml version="1.0" encoding="UTF-8"?>
<!-- Generated by org.testng.reporters.JUnitReportReporter -->
<testsuite hostname="sakthivel-PC" name="ExecutionEngine.RomeoFileCreation" tests="1" failures="0" timestamp="26 Sep 2016 12:17:19 GMT" time="527.566" errors="0">
  <testcase name="FacultyFileCreation" time="527.566" classname="ExecutionEngine.RomeoFileCreation"/>
</testsuite> <!-- ExecutionEngine.RomeoFileCreation -->
